mode: set
github.com/dupoxy/presenti/filter.go:15.56,16.9 1 1
github.com/dupoxy/presenti/filter.go:21.2,29.17 8 1
github.com/dupoxy/presenti/filter.go:32.3,32.19 1 1
github.com/dupoxy/presenti/filter.go:33.2,34.70 1 1
github.com/dupoxy/presenti/filter.go:29.17,31.4 1 0
github.com/dupoxy/presenti/main.go:60.14,92.2 5 0
github.com/dupoxy/presenti/main.go:99.13,103.20 4 0
github.com/dupoxy/presenti/main.go:107.2,108.16 2 0
github.com/dupoxy/presenti/main.go:103.20,106.3 2 0
github.com/dupoxy/presenti/main.go:108.16,110.3 1 0
github.com/dupoxy/presenti/main.go:113.29,118.16 3 1
github.com/dupoxy/presenti/main.go:122.2,123.16 2 1
github.com/dupoxy/presenti/main.go:126.2,128.14 3 1
github.com/dupoxy/presenti/main.go:132.2,132.12 1 1
github.com/dupoxy/presenti/main.go:136.2,136.9 1 1
github.com/dupoxy/presenti/main.go:177.2,177.12 1 1
github.com/dupoxy/presenti/main.go:118.16,120.3 1 0
github.com/dupoxy/presenti/main.go:123.16,125.3 1 0
github.com/dupoxy/presenti/main.go:128.14,131.3 2 0
github.com/dupoxy/presenti/main.go:132.12,135.3 2 0
github.com/dupoxy/presenti/main.go:137.2,140.17 3 0
github.com/dupoxy/presenti/main.go:144.3,145.17 2 0
github.com/dupoxy/presenti/main.go:153.2,154.36 1 1
github.com/dupoxy/presenti/main.go:157.3,160.17 4 1
github.com/dupoxy/presenti/main.go:164.3,165.17 2 1
github.com/dupoxy/presenti/main.go:172.3,173.17 2 1
github.com/dupoxy/presenti/main.go:140.17,142.4 1 0
github.com/dupoxy/presenti/main.go:145.17,147.18 2 0
github.com/dupoxy/presenti/main.go:150.4,150.39 1 0
github.com/dupoxy/presenti/main.go:147.18,149.5 1 0
github.com/dupoxy/presenti/main.go:154.36,156.4 1 1
github.com/dupoxy/presenti/main.go:160.17,162.4 1 0
github.com/dupoxy/presenti/main.go:165.17,167.18 2 0
github.com/dupoxy/presenti/main.go:170.4,170.39 1 0
github.com/dupoxy/presenti/main.go:167.18,169.5 1 0
github.com/dupoxy/presenti/main.go:173.17,175.4 1 0
github.com/dupoxy/presenti/scanner.go:21.75,25.18 3 1
github.com/dupoxy/presenti/scanner.go:28.4,31.43 3 1
github.com/dupoxy/presenti/scanner.go:34.2,38.6 5 1
github.com/dupoxy/presenti/scanner.go:80.2,80.16 1 1
github.com/dupoxy/presenti/scanner.go:25.18,27.5 1 0
github.com/dupoxy/presenti/scanner.go:31.43,33.3 1 0
github.com/dupoxy/presenti/scanner.go:38.6,40.23 2 1
github.com/dupoxy/presenti/scanner.go:51.3,51.10 1 1
github.com/dupoxy/presenti/scanner.go:66.3,66.10 1 1
github.com/dupoxy/presenti/scanner.go:40.23,42.47 1 1
github.com/dupoxy/presenti/scanner.go:49.4,49.9 1 1
github.com/dupoxy/presenti/scanner.go:42.47,44.19 2 1
github.com/dupoxy/presenti/scanner.go:47.5,47.25 1 1
github.com/dupoxy/presenti/scanner.go:44.19,46.6 1 0
github.com/dupoxy/presenti/scanner.go:52.3,54.20 2 1
github.com/dupoxy/presenti/scanner.go:56.3,58.18 2 1
github.com/dupoxy/presenti/scanner.go:61.4,62.20 2 1
github.com/dupoxy/presenti/scanner.go:58.18,60.5 1 0
github.com/dupoxy/presenti/scanner.go:68.3,74.61 3 1
github.com/dupoxy/presenti/scanner.go:75.3,76.12 1 1
github.com/dupoxy/presenti/util.go:22.57,24.16 2 1
github.com/dupoxy/presenti/util.go:27.2,27.20 1 1
github.com/dupoxy/presenti/util.go:24.16,26.3 1 0
github.com/dupoxy/presenti/util.go:32.87,34.16 2 1
github.com/dupoxy/presenti/util.go:37.2,37.29 1 1
github.com/dupoxy/presenti/util.go:40.2,42.16 3 1
github.com/dupoxy/presenti/util.go:45.2,45.15 1 1
github.com/dupoxy/presenti/util.go:34.16,36.3 1 0
github.com/dupoxy/presenti/util.go:37.29,39.3 1 1
github.com/dupoxy/presenti/util.go:42.16,44.3 1 0
github.com/dupoxy/presenti/util.go:49.46,53.2 3 1
github.com/dupoxy/presenti/util.go:56.50,58.16 2 1
github.com/dupoxy/presenti/util.go:61.2,61.12 1 1
github.com/dupoxy/presenti/util.go:58.16,60.3 1 0
github.com/dupoxy/presenti/util.go:65.63,67.17 2 1
github.com/dupoxy/presenti/util.go:70.2,70.14 1 1
github.com/dupoxy/presenti/util.go:67.17,69.3 1 1
github.com/dupoxy/presenti/util.go:75.54,78.16 3 1
github.com/dupoxy/presenti/util.go:81.2,81.10 1 1
github.com/dupoxy/presenti/util.go:78.16,80.3 1 0
